Started GET "/" for 127.0.0.1 at 2021-12-07 07:14:32 +0000
  [1m[35m (1.7ms)[0m  [1m[34mSELECT sqlite_version(*)[0m
  
ActiveRecord::PendingMigrationError (

Migrations are pending. To resolve this issue, run:

        rails db:migrate RAILS_ENV=development

):
  
activerecord (6.0.4.1) lib/active_record/migration.rb:586:in `check_pending!'
activerecord (6.0.4.1) lib/active_record/migration.rb:564:in `call'
actionpack (6.0.4.1) lib/action_dispatch/middleware/callbacks.rb:27:in `block in call'
activesupport (6.0.4.1) lib/active_support/callbacks.rb:101:in `run_callbacks'
actionpack (6.0.4.1) lib/action_dispatch/middleware/callbacks.rb:26:in `call'
actionpack (6.0.4.1) lib/action_dispatch/middleware/executor.rb:14:in `call'
actionpack (6.0.4.1) lib/action_dispatch/middleware/actionable_exceptions.rb:18:in `call'
actionpack (6.0.4.1) lib/action_dispatch/middleware/debug_exceptions.rb:32:in `call'
web-console (4.2.0) lib/web_console/middleware.rb:132:in `call_app'
web-console (4.2.0) lib/web_console/middleware.rb:28:in `block in call'
web-console (4.2.0) lib/web_console/middleware.rb:17:in `catch'
web-console (4.2.0) lib/web_console/middleware.rb:17:in `call'
actionpack (6.0.4.1) lib/action_dispatch/middleware/show_exceptions.rb:33:in `call'
railties (6.0.4.1) lib/rails/rack/logger.rb:37:in `call_app'
railties (6.0.4.1) lib/rails/rack/logger.rb:26:in `block in call'
activesupport (6.0.4.1) lib/active_support/tagged_logging.rb:80:in `block in tagged'
activesupport (6.0.4.1) lib/active_support/tagged_logging.rb:28:in `tagged'
activesupport (6.0.4.1) lib/active_support/tagged_logging.rb:80:in `tagged'
railties (6.0.4.1) lib/rails/rack/logger.rb:26:in `call'
sprockets-rails (3.4.0) lib/sprockets/rails/quiet_assets.rb:13:in `call'
actionpack (6.0.4.1) lib/action_dispatch/middleware/remote_ip.rb:81:in `call'
actionpack (6.0.4.1) lib/action_dispatch/middleware/request_id.rb:27:in `call'
rack (2.2.3) lib/rack/method_override.rb:24:in `call'
rack (2.2.3) lib/rack/runtime.rb:22:in `call'
activesupport (6.0.4.1) lib/active_support/cache/strategy/local_cache_middleware.rb:29:in `call'
actionpack (6.0.4.1) lib/action_dispatch/middleware/executor.rb:14:in `call'
actionpack (6.0.4.1) lib/action_dispatch/middleware/static.rb:126:in `call'
rack (2.2.3) lib/rack/sendfile.rb:110:in `call'
actionpack (6.0.4.1) lib/action_dispatch/middleware/host_authorization.rb:76:in `call'
webpacker (4.3.0) lib/webpacker/dev_server_proxy.rb:23:in `perform_request'
rack-proxy (0.7.0) lib/rack/proxy.rb:63:in `call'
railties (6.0.4.1) lib/rails/engine.rb:527:in `call'
puma (4.3.10) lib/puma/configuration.rb:228:in `call'
puma (4.3.10) lib/puma/server.rb:718:in `handle_request'
puma (4.3.10) lib/puma/server.rb:472:in `process_client'
puma (4.3.10) lib/puma/server.rb:328:in `block in run'
puma (4.3.10) lib/puma/thread_pool.rb:134:in `block in spawn_thread'
Started POST "/rails/actions" for 127.0.0.1 at 2021-12-07 07:14:52 +0000
  [1m[35m (4.4ms)[0m  [1m[35mCREATE TABLE "schema_migrations" ("version" varchar NOT NULL PRIMARY KEY)[0m
  [1m[35m (3.5ms)[0m  [1m[35mCREATE TABLE "ar_internal_metadata" ("key" varchar NOT NULL PRIMARY KEY, "value" varchar, "created_at" datetime(6) NOT NULL, "updated_at" datetime(6) NOT NULL)[0m
  [1m[35m (0.2ms)[0m  [1m[34mSELECT "schema_migrations"."version" FROM "schema_migrations" ORDER BY "schema_migrations"."version" ASC[0m
Migrating to CreateBooks (20211121082729)
  [1m[35m (0.1ms)[0m  [1m[36mbegin transaction[0m
  [1m[35m (0.4ms)[0m  [1m[35mCREATE TABLE "books" ("id" integer PRIMARY KEY AUTOINCREMENT NOT NULL, "title" varchar, "number_of_pages" integer, "created_at" datetime(6) NOT NULL, "updated_at" datetime(6) NOT NULL)[0m
  [1m[36mActiveRecord::SchemaMigration Create (0.2ms)[0m  [1m[32mINSERT INTO "schema_migrations" ("version") VALUES (?)[0m  [["version", "20211121082729"]]
  [1m[35m (4.2ms)[0m  [1m[36mcommit transaction[0m
Migrating to DeviseCreateUsers (20211121091722)
  [1m[35m (0.1ms)[0m  [1m[36mbegin transaction[0m
  [1m[35m (0.3ms)[0m  [1m[35mCREATE TABLE "users" ("id" integer PRIMARY KEY AUTOINCREMENT NOT NULL, "email" varchar DEFAULT '' NOT NULL, "encrypted_password" varchar DEFAULT '' NOT NULL, "reset_password_token" varchar, "reset_password_sent_at" datetime, "remember_created_at" datetime, "created_at" datetime(6) NOT NULL, "updated_at" datetime(6) NOT NULL)[0m
  [1m[35m (0.1ms)[0m  [1m[35mCREATE UNIQUE INDEX "index_users_on_email" ON "users" ("email")[0m
  [1m[35m (0.2ms)[0m  [1m[35mCREATE UNIQUE INDEX "index_users_on_reset_password_token" ON "users" ("reset_password_token")[0m
  [1m[36mActiveRecord::SchemaMigration Create (0.1ms)[0m  [1m[32mINSERT INTO "schema_migrations" ("version") VALUES (?)[0m  [["version", "20211121091722"]]
  [1m[35m (3.4ms)[0m  [1m[36mcommit transaction[0m
Migrating to CreateActiveStorageTables (20211122072942)
  [1m[35m (0.1ms)[0m  [1m[36mbegin transaction[0m
  [1m[35m (0.3ms)[0m  [1m[35mCREATE TABLE "active_storage_blobs" ("id" integer PRIMARY KEY AUTOINCREMENT NOT NULL, "key" varchar NOT NULL, "filename" varchar NOT NULL, "content_type" varchar, "metadata" text, "byte_size" bigint NOT NULL, "checksum" varchar NOT NULL, "created_at" datetime NOT NULL)[0m
  [1m[35m (0.1ms)[0m  [1m[35mCREATE UNIQUE INDEX "index_active_storage_blobs_on_key" ON "active_storage_blobs" ("key")[0m
  [1m[35m (0.2ms)[0m  [1m[35mCREATE TABLE "active_storage_attachments" ("id" integer PRIMARY KEY AUTOINCREMENT NOT NULL, "name" varchar NOT NULL, "record_type" varchar NOT NULL, "record_id" integer NOT NULL, "blob_id" integer NOT NULL, "created_at" datetime NOT NULL, CONSTRAINT "fk_rails_c3b3935057"
FOREIGN KEY ("blob_id")
  REFERENCES "active_storage_blobs" ("id")
)[0m
  [1m[35m (0.1ms)[0m  [1m[35mCREATE  INDEX "index_active_storage_attachments_on_blob_id" ON "active_storage_attachments" ("blob_id")[0m
  [1m[35m (0.2ms)[0m  [1m[35mCREATE UNIQUE INDEX "index_active_storage_attachments_uniqueness" ON "active_storage_attachments" ("record_type", "record_id", "name", "blob_id")[0m
  [1m[36mActiveRecord::SchemaMigration Create (0.2ms)[0m  [1m[32mINSERT INTO "schema_migrations" ("version") VALUES (?)[0m  [["version", "20211122072942"]]
  [1m[35m (3.5ms)[0m  [1m[36mcommit transaction[0m
Migrating to AddNameAndAge (20211122075137)
  [1m[35m (0.0ms)[0m  [1m[36mbegin transaction[0m
  [1m[35m (0.3ms)[0m  [1m[35mALTER TABLE "users" ADD "name" varchar[0m
  [1m[35m (0.2ms)[0m  [1m[35mALTER TABLE "users" ADD "age" integer[0m
  [1m[35m (0.1ms)[0m  [1m[35mCREATE UNIQUE INDEX "index_users_on_name" ON "users" ("name")[0m
  [1m[36mActiveRecord::SchemaMigration Create (0.2ms)[0m  [1m[32mINSERT INTO "schema_migrations" ("version") VALUES (?)[0m  [["version", "20211122075137"]]
  [1m[35m (3.7ms)[0m  [1m[36mcommit transaction[0m
  [1m[36mActiveRecord::InternalMetadata Load (0.2ms)[0m  [1m[34mSELECT "ar_internal_metadata".* FROM "ar_internal_metadata" WHERE "ar_internal_metadata"."key" = ? LIMIT ?[0m  [["key", "environment"], ["LIMIT", 1]]
  [1m[35m (0.0ms)[0m  [1m[36mbegin transaction[0m
  [1m[36mActiveRecord::InternalMetadata Create (0.3ms)[0m  [1m[32mINSERT INTO "ar_internal_metadata" ("key", "value", "created_at", "updated_at") VALUES (?, ?, ?, ?)[0m  [["key", "environment"], ["value", "development"], ["created_at", "2021-12-07 07:14:52.813292"], ["updated_at", "2021-12-07 07:14:52.813292"]]
  [1m[35m (3.0ms)[0m  [1m[36mcommit transaction[0m
Started GET "/" for 127.0.0.1 at 2021-12-07 07:14:53 +0000
  [1m[35m (0.2ms)[0m  [1m[34mSELECT "schema_migrations"."version" FROM "schema_migrations" ORDER BY "schema_migrations"."version" ASC[0m
Processing by StaticPagesController#home as HTML
  Rendering static_pages/home.html.erb within layouts/application
  Rendered static_pages/home.html.erb within layouts/application (Duration: 1.2ms | Allocations: 154)
[Webpacker] Compiling...
[Webpacker] Compiled all packs in /home/ubuntu/it-nihongo3-rails/public/packs
[Webpacker] Though the "loose" option was set to "false" in your @babel/preset-env config, it will not be used for @babel/plugin-proposal-private-property-in-object since the "loose" mode option was set to "true" for @babel/plugin-proposal-class-properties.
The "loose" option must be the same for @babel/plugin-proposal-class-properties, @babel/plugin-proposal-private-methods and @babel/plugin-proposal-private-property-in-object (when they are enabled): you can silence this warning by explicitly adding
	["@babel/plugin-proposal-private-property-in-object", { "loose": true }]
to the "plugins" section of your Babel config.
Though the "loose" option was set to "false" in your @babel/preset-env config, it will not be used for @babel/plugin-proposal-private-methods since the "loose" mode option was set to "true" for @babel/plugin-proposal-private-property-in-object.
The "loose" option must be the same for @babel/plugin-proposal-class-properties, @babel/plugin-proposal-private-methods and @babel/plugin-proposal-private-property-in-object (when they are enabled): you can silence this warning by explicitly adding
	["@babel/plugin-proposal-private-methods", { "loose": true }]
to the "plugins" section of your Babel config.
Though the "loose" option was set to "false" in your @babel/preset-env config, it will not be used for @babel/plugin-proposal-private-property-in-object since the "loose" mode option was set to "true" for @babel/plugin-proposal-class-properties.
The "loose" option must be the same for @babel/plugin-proposal-class-properties, @babel/plugin-proposal-private-methods and @babel/plugin-proposal-private-property-in-object (when they are enabled): you can silence this warning by explicitly adding
	["@babel/plugin-proposal-private-property-in-object", { "loose": true }]
to the "plugins" section of your Babel config.
Though the "loose" option was set to "false" in your @babel/preset-env config, it will not be used for @babel/plugin-proposal-private-methods since the "loose" mode option was set to "true" for @babel/plugin-proposal-private-property-in-object.
The "loose" option must be the same for @babel/plugin-proposal-class-properties, @babel/plugin-proposal-private-methods and @babel/plugin-proposal-private-property-in-object (when they are enabled): you can silence this warning by explicitly adding
	["@babel/plugin-proposal-private-methods", { "loose": true }]
to the "plugins" section of your Babel config.
Though the "loose" option was set to "false" in your @babel/preset-env config, it will not be used for @babel/plugin-proposal-private-property-in-object since the "loose" mode option was set to "true" for @babel/plugin-proposal-class-properties.
The "loose" option must be the same for @babel/plugin-proposal-class-properties, @babel/plugin-proposal-private-methods and @babel/plugin-proposal-private-property-in-object (when they are enabled): you can silence this warning by explicitly adding
	["@babel/plugin-proposal-private-property-in-object", { "loose": true }]
to the "plugins" section of your Babel config.
Though the "loose" option was set to "false" in your @babel/preset-env config, it will not be used for @babel/plugin-proposal-private-methods since the "loose" mode option was set to "true" for @babel/plugin-proposal-private-property-in-object.
The "loose" option must be the same for @babel/plugin-proposal-class-properties, @babel/plugin-proposal-private-methods and @babel/plugin-proposal-private-property-in-object (when they are enabled): you can silence this warning by explicitly adding
	["@babel/plugin-proposal-private-methods", { "loose": true }]
to the "plugins" section of your Babel config.
Though the "loose" option was set to "false" in your @babel/preset-env config, it will not be used for @babel/plugin-proposal-private-property-in-object since the "loose" mode option was set to "true" for @babel/plugin-proposal-class-properties.
The "loose" option must be the same for @babel/plugin-proposal-class-properties, @babel/plugin-proposal-private-methods and @babel/plugin-proposal-private-property-in-object (when they are enabled): you can silence this warning by explicitly adding
	["@babel/plugin-proposal-private-property-in-object", { "loose": true }]
to the "plugins" section of your Babel config.
Though the "loose" option was set to "false" in your @babel/preset-env config, it will not be used for @babel/plugin-proposal-private-methods since the "loose" mode option was set to "true" for @babel/plugin-proposal-private-property-in-object.
The "loose" option must be the same for @babel/plugin-proposal-class-properties, @babel/plugin-proposal-private-methods and @babel/plugin-proposal-private-property-in-object (when they are enabled): you can silence this warning by explicitly adding
	["@babel/plugin-proposal-private-methods", { "loose": true }]
to the "plugins" section of your Babel config.
Though the "loose" option was set to "false" in your @babel/preset-env config, it will not be used for @babel/plugin-proposal-private-property-in-object since the "loose" mode option was set to "true" for @babel/plugin-proposal-class-properties.
The "loose" option must be the same for @babel/plugin-proposal-class-properties, @babel/plugin-proposal-private-methods and @babel/plugin-proposal-private-property-in-object (when they are enabled): you can silence this warning by explicitly adding
	["@babel/plugin-proposal-private-property-in-object", { "loose": true }]
to the "plugins" section of your Babel config.
Though the "loose" option was set to "false" in your @babel/preset-env config, it will not be used for @babel/plugin-proposal-private-methods since the "loose" mode option was set to "true" for @babel/plugin-proposal-private-property-in-object.
The "loose" option must be the same for @babel/plugin-proposal-class-properties, @babel/plugin-proposal-private-methods and @babel/plugin-proposal-private-property-in-object (when they are enabled): you can silence this warning by explicitly adding
	["@babel/plugin-proposal-private-methods", { "loose": true }]
to the "plugins" section of your Babel config.
Though the "loose" option was set to "false" in your @babel/preset-env config, it will not be used for @babel/plugin-proposal-private-property-in-object since the "loose" mode option was set to "true" for @babel/plugin-proposal-class-properties.
The "loose" option must be the same for @babel/plugin-proposal-class-properties, @babel/plugin-proposal-private-methods and @babel/plugin-proposal-private-property-in-object (when they are enabled): you can silence this warning by explicitly adding
	["@babel/plugin-proposal-private-property-in-object", { "loose": true }]
to the "plugins" section of your Babel config.
Though the "loose" option was set to "false" in your @babel/preset-env config, it will not be used for @babel/plugin-proposal-private-methods since the "loose" mode option was set to "true" for @babel/plugin-proposal-private-property-in-object.
The "loose" option must be the same for @babel/plugin-proposal-class-properties, @babel/plugin-proposal-private-methods and @babel/plugin-proposal-private-property-in-object (when they are enabled): you can silence this warning by explicitly adding
	["@babel/plugin-proposal-private-methods", { "loose": true }]
to the "plugins" section of your Babel config.

[Webpacker] Hash: 6f28388a41a2494ca985
Version: webpack 4.46.0
Time: 2197ms
Built at: 12/07/2021 7:14:57 AM
                                     Asset       Size       Chunks                         Chunk Names
    js/application-afaf3709eb3e4f76ed8e.js    124 KiB  application  [emitted] [immutable]  application
js/application-afaf3709eb3e4f76ed8e.js.map    139 KiB  application  [emitted] [dev]        application
                             manifest.json  364 bytes               [emitted]              
Entrypoint application = js/application-afaf3709eb3e4f76ed8e.js js/application-afaf3709eb3e4f76ed8e.js.map
[./app/javascript/channels sync recursive _channel\.js$] ./app/javascript/channels sync _channel\.js$ 160 bytes {application} [built]
[./app/javascript/channels/index.js] 211 bytes {application} [built]
[./app/javascript/packs/application.js] 749 bytes {application} [built]
[./node_modules/webpack/buildin/module.js] (webpack)/buildin/module.js 552 bytes {application} [built]
    + 3 hidden modules

Completed 200 OK in 4227ms (Views: 4217.5ms | ActiveRecord: 0.0ms | Allocations: 27804)


Started GET "/books" for 127.0.0.1 at 2021-12-07 07:15:03 +0000
Processing by BooksController#index as HTML
Completed 401 Unauthorized in 1ms (ActiveRecord: 0.0ms | Allocations: 374)


Started GET "/users/sign_in" for 127.0.0.1 at 2021-12-07 07:15:04 +0000
Processing by Devise::SessionsController#new as HTML
  Rendering devise/sessions/new.html.erb within layouts/application
  Rendered devise/shared/_links.html.erb (Duration: 1.5ms | Allocations: 590)
  Rendered devise/sessions/new.html.erb within layouts/application (Duration: 11.6ms | Allocations: 3309)
[Webpacker] Everything's up-to-date. Nothing to do
Completed 200 OK in 33ms (Views: 18.4ms | ActiveRecord: 0.9ms | Allocations: 14343)


Started GET "/books" for 127.0.0.1 at 2021-12-07 07:17:50 +0000
  [1m[35m (1.1ms)[0m  [1m[34mSELECT sqlite_version(*)[0m
  [1m[35m (0.3ms)[0m  [1m[34mSELECT "schema_migrations"."version" FROM "schema_migrations" ORDER BY "schema_migrations"."version" ASC[0m
  
ActiveRecord::PendingMigrationError (

Migrations are pending. To resolve this issue, run:

        rails db:migrate RAILS_ENV=development

):
  
activerecord (6.0.4.1) lib/active_record/migration.rb:586:in `check_pending!'
activerecord (6.0.4.1) lib/active_record/migration.rb:564:in `call'
actionpack (6.0.4.1) lib/action_dispatch/middleware/callbacks.rb:27:in `block in call'
activesupport (6.0.4.1) lib/active_support/callbacks.rb:101:in `run_callbacks'
actionpack (6.0.4.1) lib/action_dispatch/middleware/callbacks.rb:26:in `call'
actionpack (6.0.4.1) lib/action_dispatch/middleware/executor.rb:14:in `call'
actionpack (6.0.4.1) lib/action_dispatch/middleware/actionable_exceptions.rb:18:in `call'
actionpack (6.0.4.1) lib/action_dispatch/middleware/debug_exceptions.rb:32:in `call'
web-console (4.2.0) lib/web_console/middleware.rb:132:in `call_app'
web-console (4.2.0) lib/web_console/middleware.rb:28:in `block in call'
web-console (4.2.0) lib/web_console/middleware.rb:17:in `catch'
web-console (4.2.0) lib/web_console/middleware.rb:17:in `call'
actionpack (6.0.4.1) lib/action_dispatch/middleware/show_exceptions.rb:33:in `call'
railties (6.0.4.1) lib/rails/rack/logger.rb:37:in `call_app'
railties (6.0.4.1) lib/rails/rack/logger.rb:26:in `block in call'
activesupport (6.0.4.1) lib/active_support/tagged_logging.rb:80:in `block in tagged'
activesupport (6.0.4.1) lib/active_support/tagged_logging.rb:28:in `tagged'
activesupport (6.0.4.1) lib/active_support/tagged_logging.rb:80:in `tagged'
railties (6.0.4.1) lib/rails/rack/logger.rb:26:in `call'
sprockets-rails (3.4.0) lib/sprockets/rails/quiet_assets.rb:13:in `call'
actionpack (6.0.4.1) lib/action_dispatch/middleware/remote_ip.rb:81:in `call'
actionpack (6.0.4.1) lib/action_dispatch/middleware/request_id.rb:27:in `call'
rack (2.2.3) lib/rack/method_override.rb:24:in `call'
rack (2.2.3) lib/rack/runtime.rb:22:in `call'
activesupport (6.0.4.1) lib/active_support/cache/strategy/local_cache_middleware.rb:29:in `call'
actionpack (6.0.4.1) lib/action_dispatch/middleware/executor.rb:14:in `call'
actionpack (6.0.4.1) lib/action_dispatch/middleware/static.rb:126:in `call'
rack (2.2.3) lib/rack/sendfile.rb:110:in `call'
actionpack (6.0.4.1) lib/action_dispatch/middleware/host_authorization.rb:76:in `call'
webpacker (4.3.0) lib/webpacker/dev_server_proxy.rb:23:in `perform_request'
rack-proxy (0.7.0) lib/rack/proxy.rb:63:in `call'
railties (6.0.4.1) lib/rails/engine.rb:527:in `call'
puma (4.3.10) lib/puma/configuration.rb:228:in `call'
puma (4.3.10) lib/puma/server.rb:718:in `handle_request'
puma (4.3.10) lib/puma/server.rb:472:in `process_client'
puma (4.3.10) lib/puma/server.rb:328:in `block in run'
puma (4.3.10) lib/puma/thread_pool.rb:134:in `block in spawn_thread'
Started POST "/rails/actions" for 127.0.0.1 at 2021-12-07 07:17:53 +0000
  [1m[35m (0.1ms)[0m  [1m[34mSELECT "schema_migrations"."version" FROM "schema_migrations" ORDER BY "schema_migrations"."version" ASC[0m
Migrating to AddDetail (20211207071613)
  [1m[35m (0.1ms)[0m  [1m[36mbegin transaction[0m
  [1m[36mActiveRecord::SchemaMigration Create (0.6ms)[0m  [1m[32mINSERT INTO "schema_migrations" ("version") VALUES (?)[0m  [["version", "20211207071613"]]
  [1m[35m (7.9ms)[0m  [1m[36mcommit transaction[0m
  [1m[36mActiveRecord::InternalMetadata Load (0.2ms)[0m  [1m[34mSELECT "ar_internal_metadata".* FROM "ar_internal_metadata" WHERE "ar_internal_metadata"."key" = ? LIMIT ?[0m  [["key", "environment"], ["LIMIT", 1]]
Started GET "/books" for 127.0.0.1 at 2021-12-07 07:17:53 +0000
  [1m[35m (0.1ms)[0m  [1m[34mSELECT "schema_migrations"."version" FROM "schema_migrations" ORDER BY "schema_migrations"."version" ASC[0m
Processing by BooksController#index as HTML
Completed 401 Unauthorized in 9ms (ActiveRecord: 0.0ms | Allocations: 1237)


Started GET "/users/sign_in" for 127.0.0.1 at 2021-12-07 07:17:54 +0000
Processing by Devise::SessionsController#new as HTML
  Rendering devise/sessions/new.html.erb within layouts/application
  Rendered devise/shared/_links.html.erb (Duration: 1.2ms | Allocations: 592)
  Rendered devise/sessions/new.html.erb within layouts/application (Duration: 8.4ms | Allocations: 2718)
[Webpacker] Everything's up-to-date. Nothing to do
Completed 200 OK in 44ms (Views: 31.0ms | ActiveRecord: 0.8ms | Allocations: 16804)


Started GET "/" for 127.0.0.1 at 2021-12-07 07:18:02 +0000
Processing by StaticPagesController#home as HTML
  Rendering static_pages/home.html.erb within layouts/application
  Rendered static_pages/home.html.erb within layouts/application (Duration: 1.2ms | Allocations: 131)
[Webpacker] Everything's up-to-date. Nothing to do
Completed 200 OK in 11ms (Views: 9.3ms | ActiveRecord: 0.0ms | Allocations: 4491)


Started GET "/books" for 127.0.0.1 at 2021-12-07 07:18:04 +0000
Processing by BooksController#index as HTML
Completed 401 Unauthorized in 1ms (ActiveRecord: 0.0ms | Allocations: 327)


Started GET "/users/sign_in" for 127.0.0.1 at 2021-12-07 07:18:04 +0000
Processing by Devise::SessionsController#new as HTML
  Rendering devise/sessions/new.html.erb within layouts/application
  Rendered devise/shared/_links.html.erb (Duration: 0.4ms | Allocations: 131)
  Rendered devise/sessions/new.html.erb within layouts/application (Duration: 3.0ms | Allocations: 1035)
[Webpacker] Everything's up-to-date. Nothing to do
Completed 200 OK in 13ms (Views: 11.4ms | ActiveRecord: 0.0ms | Allocations: 4884)


Started GET "/books" for 127.0.0.1 at 2021-12-07 07:23:45 +0000
  [1m[35m (0.5ms)[0m  [1m[34mSELECT sqlite_version(*)[0m
  [1m[35m (0.2ms)[0m  [1m[34mSELECT "schema_migrations"."version" FROM "schema_migrations" ORDER BY "schema_migrations"."version" ASC[0m
Processing by BooksController#index as HTML
Completed 401 Unauthorized in 10ms (ActiveRecord: 0.0ms | Allocations: 1239)


Started GET "/books" for 127.0.0.1 at 2021-12-07 07:23:50 +0000
Processing by BooksController#index as HTML
Completed 401 Unauthorized in 1ms (ActiveRecord: 0.0ms | Allocations: 319)


Started GET "/" for 127.0.0.1 at 2021-12-07 07:23:53 +0000
Processing by StaticPagesController#home as HTML
  Rendering static_pages/home.html.erb within layouts/application
  Rendered static_pages/home.html.erb within layouts/application (Duration: 1.5ms | Allocations: 251)
[Webpacker] Everything's up-to-date. Nothing to do
Completed 200 OK in 27ms (Views: 24.7ms | ActiveRecord: 0.0ms | Allocations: 8488)


Started GET "/books" for 127.0.0.1 at 2021-12-07 07:23:54 +0000
Processing by BooksController#index as HTML
Completed 401 Unauthorized in 1ms (ActiveRecord: 0.0ms | Allocations: 315)


Started GET "/users/sign_in" for 127.0.0.1 at 2021-12-07 07:23:54 +0000
Processing by Devise::SessionsController#new as HTML
  Rendering devise/sessions/new.html.erb within layouts/application
  Rendered devise/shared/_links.html.erb (Duration: 1.4ms | Allocations: 590)
  Rendered devise/sessions/new.html.erb within layouts/application (Duration: 8.3ms | Allocations: 2712)
[Webpacker] Everything's up-to-date. Nothing to do
Completed 200 OK in 30ms (Views: 16.0ms | ActiveRecord: 0.9ms | Allocations: 13677)


Started GET "/users/sign_in" for 127.0.0.1 at 2021-12-07 07:23:56 +0000
Processing by Devise::SessionsController#new as HTML
  Rendering devise/sessions/new.html.erb within layouts/application
  Rendered devise/shared/_links.html.erb (Duration: 0.4ms | Allocations: 131)
  Rendered devise/sessions/new.html.erb within layouts/application (Duration: 4.7ms | Allocations: 1029)
[Webpacker] Everything's up-to-date. Nothing to do
Completed 200 OK in 20ms (Views: 17.8ms | ActiveRecord: 0.0ms | Allocations: 4887)


Started GET "/users/sign_up" for 127.0.0.1 at 2021-12-07 07:29:50 +0000
  [1m[35m (0.1ms)[0m  [1m[34mSELECT sqlite_version(*)[0m
Processing by Devise::RegistrationsController#new as HTML
  Rendering devise/registrations/new.html.erb within layouts/application
  Rendered devise/shared/_error_messages.html.erb (Duration: 1.4ms | Allocations: 197)
  Rendered devise/shared/_links.html.erb (Duration: 0.5ms | Allocations: 119)
  Rendered devise/registrations/new.html.erb within layouts/application (Duration: 25.3ms | Allocations: 2746)
[Webpacker] Everything's up-to-date. Nothing to do
Completed 200 OK in 38ms (Views: 36.5ms | ActiveRecord: 0.0ms | Allocations: 7287)


Started POST "/users" for 127.0.0.1 at 2021-12-07 07:30:13 +0000
Processing by Devise::RegistrationsController#create as HTML
  Parameters: {"authenticity_token"=>"h+z87SpW7c0RtTVOPPlCe+yUNxU2mNWLkOxWTxvhWliK/8a8OYv0ppr0oqG4HRUMv83GUNfhTuIRnfuQ3YngIg==", "user"=>{"name"=>"Hai Nguyen", "age"=>"21", "email"=>"hainh184088@sis.hust.edu.vn", "password"=>"[FILTERED]", "password_confirmation"=>"[FILTERED]"}, "commit"=>"Sign up"}
  [1m[35m (0.1ms)[0m  [1m[36mbegin transaction[0m
  [1m[36mUser Exists? (0.5ms)[0m  [1m[34mSELECT 1 AS one FROM "users" WHERE "users"."email" = ? LIMIT ?[0m  [["email", "hainh184088@sis.hust.edu.vn"], ["LIMIT", 1]]
  [1m[36mUser Create (3.7ms)[0m  [1m[32mINSERT INTO "users" ("email", "encrypted_password", "created_at", "updated_at", "name", "age") VALUES (?, ?, ?, ?, ?, ?)[0m  [["email", "hainh184088@sis.hust.edu.vn"], ["encrypted_password", "$2a$12$Jq7n4S0/GOkp7Y/lQc.FROxks1J3/NggVRLulsNAAgOIvndXhWFUa"], ["created_at", "2021-12-07 07:30:13.933409"], ["updated_at", "2021-12-07 07:30:13.933409"], ["name", "Hai Nguyen"], ["age", 21]]
  [1m[35m (4.0ms)[0m  [1m[36mcommit transaction[0m
Redirected to https://localhost-hainh184088-1.paiza-user-free.cloud:3000/books
Completed 302 Found in 350ms (ActiveRecord: 8.3ms | Allocations: 12379)


Started GET "/books" for 127.0.0.1 at 2021-12-07 07:30:14 +0000
Processing by BooksController#index as HTML
  [1m[36mUser Load (0.2ms)[0m  [1m[34mSELECT "users".* FROM "users" WHERE "users"."id" = ? ORDER BY "users"."id" ASC LIMIT ?[0m  [["id", 1], ["LIMIT", 1]]
  Rendering books/index.html.erb within layouts/application
  [1m[36mBook Load (0.5ms)[0m  [1m[34mSELECT "books".* FROM "books"[0m
  ↳ app/views/books/index.html.erb:15
  Rendered books/index.html.erb within layouts/application (Duration: 3.6ms | Allocations: 1343)
[Webpacker] Everything's up-to-date. Nothing to do
Completed 200 OK in 20ms (Views: 13.4ms | ActiveRecord: 1.2ms | Allocations: 7888)


Started GET "/books/new" for 127.0.0.1 at 2021-12-07 07:30:17 +0000
Processing by BooksController#new as HTML
  [1m[36mUser Load (1.0ms)[0m  [1m[34mSELECT "users".* FROM "users" WHERE "users"."id" = ? ORDER BY "users"."id" ASC LIMIT ?[0m  [["id", 1], ["LIMIT", 1]]
  Rendering books/new.html.erb within layouts/application
  Rendered books/_form.html.erb (Duration: 3.2ms | Allocations: 1420)
  Rendered books/new.html.erb within layouts/application (Duration: 4.8ms | Allocations: 1750)
[Webpacker] Everything's up-to-date. Nothing to do
Completed 200 OK in 22ms (Views: 11.2ms | ActiveRecord: 1.3ms | Allocations: 9350)


Started GET "/books/new" for 127.0.0.1 at 2021-12-07 07:35:37 +0000
  [1m[35m (0.7ms)[0m  [1m[34mSELECT sqlite_version(*)[0m
  [1m[35m (0.2ms)[0m  [1m[34mSELECT "schema_migrations"."version" FROM "schema_migrations" ORDER BY "schema_migrations"."version" ASC[0m
Processing by BooksController#new as HTML
  [1m[36mUser Load (0.2ms)[0m  [1m[34mSELECT "users".* FROM "users" WHERE "users"."id" = ? ORDER BY "users"."id" ASC LIMIT ?[0m  [["id", 1], ["LIMIT", 1]]
  Rendering books/new.html.erb within layouts/application
  Rendered books/_form.html.erb (Duration: 11.1ms | Allocations: 4066)
  Rendered books/new.html.erb within layouts/application (Duration: 12.6ms | Allocations: 4515)
[Webpacker] Everything's up-to-date. Nothing to do
Completed 200 OK in 74ms (Views: 45.6ms | ActiveRecord: 1.6ms | Allocations: 24674)


Started GET "/books/new" for 127.0.0.1 at 2021-12-07 07:35:38 +0000
Processing by BooksController#new as HTML
  [1m[36mUser Load (0.1ms)[0m  [1m[34mSELECT "users".* FROM "users" WHERE "users"."id" = ? ORDER BY "users"."id" ASC LIMIT ?[0m  [["id", 1], ["LIMIT", 1]]
  Rendering books/new.html.erb within layouts/application
  Rendered books/_form.html.erb (Duration: 2.0ms | Allocations: 1082)
  Rendered books/new.html.erb within layouts/application (Duration: 2.3ms | Allocations: 1165)
[Webpacker] Everything's up-to-date. Nothing to do
Completed 200 OK in 9ms (Views: 6.8ms | ActiveRecord: 0.1ms | Allocations: 6156)


Started GET "/" for 127.0.0.1 at 2021-12-07 07:41:04 +0000
  [1m[35m (0.5ms)[0m  [1m[34mSELECT sqlite_version(*)[0m
  [1m[35m (0.2ms)[0m  [1m[34mSELECT "schema_migrations"."version" FROM "schema_migrations" ORDER BY "schema_migrations"."version" ASC[0m
Processing by StaticPagesController#home as HTML
  Rendering static_pages/home.html.erb within layouts/application
  Rendered static_pages/home.html.erb within layouts/application (Duration: 1.4ms | Allocations: 265)
[Webpacker] Everything's up-to-date. Nothing to do
  [1m[36mUser Load (0.2ms)[0m  [1m[34mSELECT "users".* FROM "users" WHERE "users"."id" = ? ORDER BY "users"."id" ASC LIMIT ?[0m  [["id", 1], ["LIMIT", 1]]
  ↳ app/views/layouts/application.html.erb:14
Completed 200 OK in 40ms (Views: 31.0ms | ActiveRecord: 0.9ms | Allocations: 16388)


Started GET "/books" for 127.0.0.1 at 2021-12-07 07:41:08 +0000
Processing by BooksController#index as HTML
  [1m[36mUser Load (0.2ms)[0m  [1m[34mSELECT "users".* FROM "users" WHERE "users"."id" = ? ORDER BY "users"."id" ASC LIMIT ?[0m  [["id", 1], ["LIMIT", 1]]
  Rendering books/index.html.erb within layouts/application
  [1m[36mBook Load (0.2ms)[0m  [1m[34mSELECT "books".* FROM "books"[0m
  ↳ app/views/books/index.html.erb:15
  Rendered books/index.html.erb within layouts/application (Duration: 2.7ms | Allocations: 1176)
[Webpacker] Everything's up-to-date. Nothing to do
Completed 200 OK in 25ms (Views: 8.8ms | ActiveRecord: 0.6ms | Allocations: 7683)


Started GET "/books/new" for 127.0.0.1 at 2021-12-07 07:41:11 +0000
Processing by BooksController#new as HTML
  [1m[36mUser Load (0.2ms)[0m  [1m[34mSELECT "users".* FROM "users" WHERE "users"."id" = ? ORDER BY "users"."id" ASC LIMIT ?[0m  [["id", 1], ["LIMIT", 1]]
  Rendering books/new.html.erb within layouts/application
  Rendered books/_form.html.erb (Duration: 12.1ms | Allocations: 4036)
  Rendered books/new.html.erb within layouts/application (Duration: 13.3ms | Allocations: 4370)
[Webpacker] Everything's up-to-date. Nothing to do
Completed 200 OK in 32ms (Views: 20.0ms | ActiveRecord: 0.6ms | Allocations: 11997)


Started GET "/books/new" for 127.0.0.1 at 2021-12-07 07:41:53 +0000
  [1m[35m (0.5ms)[0m  [1m[34mSELECT sqlite_version(*)[0m
  [1m[35m (0.2ms)[0m  [1m[34mSELECT "schema_migrations"."version" FROM "schema_migrations" ORDER BY "schema_migrations"."version" ASC[0m
Processing by BooksController#new as HTML
  [1m[36mUser Load (0.2ms)[0m  [1m[34mSELECT "users".* FROM "users" WHERE "users"."id" = ? ORDER BY "users"."id" ASC LIMIT ?[0m  [["id", 1], ["LIMIT", 1]]
  Rendering books/new.html.erb within layouts/application
  Rendered books/_form.html.erb (Duration: 8.6ms | Allocations: 4065)
  Rendered books/new.html.erb within layouts/application (Duration: 10.0ms | Allocations: 4514)
[Webpacker] Everything's up-to-date. Nothing to do
Completed 200 OK in 67ms (Views: 36.9ms | ActiveRecord: 1.6ms | Allocations: 24667)


Started POST "/books" for 127.0.0.1 at 2021-12-07 07:44:12 +0000
  [1m[35m (0.1ms)[0m  [1m[34mSELECT "schema_migrations"."version" FROM "schema_migrations" ORDER BY "schema_migrations"."version" ASC[0m
Processing by BooksController#create as HTML
  Parameters: {"authenticity_token"=>"k7DjOBt83Att7RBr/eJDnsfMiWm9Iyv+T3TroihxNH6EBh6Qcll/WTKGvE4VxuD8/b5mp901/rUSrOj/TBh49w==", "book"=>{"title"=>"Yuru Camp", "number_of_pages"=>"20", "details"=>"キャンプ", "image"=>#<ActionDispatch::Http::UploadedFile:0x00007fac543e5898 @tempfile=#<Tempfile:/tmp/RackMultipart20211207-5381-1lwmn7h.jpg>, @original_filename="882391.jpg", @content_type="image/jpeg", @headers="Content-Disposition: form-data; name=\"book[image]\"; filename=\"882391.jpg\"\r\nContent-Type: image/jpeg\r\n">}, "commit"=>"Create Book"}
  [1m[36mUser Load (0.1ms)[0m  [1m[34mSELECT "users".* FROM "users" WHERE "users"."id" = ? ORDER BY "users"."id" ASC LIMIT ?[0m  [["id", 1], ["LIMIT", 1]]
[31mUnpermitted parameter: :details[0m
  [1m[35m (0.1ms)[0m  [1m[36mbegin transaction[0m
  ↳ app/controllers/books_controller.rb:27:in `block in create'
  [1m[36mBook Create (0.6ms)[0m  [1m[32mINSERT INTO "books" ("title", "number_of_pages", "created_at", "updated_at") VALUES (?, ?, ?, ?)[0m  [["title", "Yuru Camp"], ["number_of_pages", 20], ["created_at", "2021-12-07 07:44:12.569379"], ["updated_at", "2021-12-07 07:44:12.569379"]]
  ↳ app/controllers/books_controller.rb:27:in `block in create'
  [1m[36mActiveStorage::Blob Load (0.8ms)[0m  [1m[34mSELECT "active_storage_blobs".* FROM "active_storage_blobs" INNER JOIN "active_storage_attachments" ON "active_storage_blobs"."id" = "active_storage_attachments"."blob_id" WHERE "active_storage_attachments"."record_id" = ? AND "active_storage_attachments"."record_type" = ? AND "active_storage_attachments"."name" = ? LIMIT ?[0m  [["record_id", 1], ["record_type", "Book"], ["name", "image"], ["LIMIT", 1]]
  ↳ app/controllers/books_controller.rb:27:in `block in create'
  [1m[36mActiveStorage::Attachment Load (0.3ms)[0m  [1m[34mSELECT "active_storage_attachments".* FROM "active_storage_attachments" WHERE "active_storage_attachments"."record_id" = ? AND "active_storage_attachments"."record_type" = ? AND "active_storage_attachments"."name" = ? LIMIT ?[0m  [["record_id", 1], ["record_type", "Book"], ["name", "image"], ["LIMIT", 1]]
  ↳ app/controllers/books_controller.rb:27:in `block in create'
  [1m[36mActiveStorage::Blob Create (3.0ms)[0m  [1m[32mINSERT INTO "active_storage_blobs" ("key", "filename", "content_type", "metadata", "byte_size", "checksum", "created_at") VALUES (?, ?, ?, ?, ?, ?, ?)[0m  [["key", "qx3018h6v44hj276yx14278gwghx"], ["filename", "882391.jpg"], ["content_type", "image/jpeg"], ["metadata", "{\"identified\":true}"], ["byte_size", 2913008], ["checksum", "RvOecISFdFsP+Y2sEVY+Yg=="], ["created_at", "2021-12-07 07:44:12.710428"]]
  ↳ app/controllers/books_controller.rb:27:in `block in create'
  [1m[36mActiveStorage::Attachment Create (2.0ms)[0m  [1m[32mINSERT INTO "active_storage_attachments" ("name", "record_type", "record_id", "blob_id", "created_at") VALUES (?, ?, ?, ?, ?)[0m  [["name", "image"], ["record_type", "Book"], ["record_id", 1], ["blob_id", 1], ["created_at", "2021-12-07 07:44:12.716079"]]
  ↳ app/controllers/books_controller.rb:27:in `block in create'
  [1m[36mBook Update (0.2ms)[0m  [1m[33mUPDATE "books" SET "updated_at" = ? WHERE "books"."id" = ?[0m  [["updated_at", "2021-12-07 07:44:12.720580"], ["id", 1]]
  ↳ app/controllers/books_controller.rb:27:in `block in create'
  [1m[35m (4.3ms)[0m  [1m[36mcommit transaction[0m
  ↳ app/controllers/books_controller.rb:27:in `block in create'
[36m  Disk Storage (10.3ms) [0m[32mUploaded file to key: qx3018h6v44hj276yx14278gwghx (checksum: RvOecISFdFsP+Y2sEVY+Yg==)[0m
[ActiveJob] Enqueued ActiveStorage::AnalyzeJob (Job ID: 3ba2b0b9-23ac-4ffa-ac63-bfd65565f702) to Async(active_storage_analysis) with arguments: #<GlobalID:0x00000000047d7158 @uri=#<URI::GID gid://thefirstrails/ActiveStorage::Blob/1>>
Redirected to https://localhost-hainh184088-1.paiza-user-free.cloud:3000/books/1
Completed 302 Found in 202ms (ActiveRecord: 12.5ms | Allocations: 46059)


  [1m[36mActiveStorage::Blob Load (0.2ms)[0m  [1m[34mSELECT "active_storage_blobs".* FROM "active_storage_blobs" WHERE "active_storage_blobs"."id" = ? LIMIT ?[0m  [["id", 1], ["LIMIT", 1]]
[ActiveJob] [ActiveStorage::AnalyzeJob] [3ba2b0b9-23ac-4ffa-ac63-bfd65565f702] Performing ActiveStorage::AnalyzeJob (Job ID: 3ba2b0b9-23ac-4ffa-ac63-bfd65565f702) from Async(active_storage_analysis) enqueued at 2021-12-07T07:44:12Z with arguments: #<GlobalID:0x000000000476d7d0 @uri=#<URI::GID gid://thefirstrails/ActiveStorage::Blob/1>>
[ActiveJob] [ActiveStorage::AnalyzeJob] [3ba2b0b9-23ac-4ffa-ac63-bfd65565f702] [36m  Disk Storage (3.8ms) [0m[34mDownloaded file from key: qx3018h6v44hj276yx14278gwghx[0m
[ActiveJob] [ActiveStorage::AnalyzeJob] [3ba2b0b9-23ac-4ffa-ac63-bfd65565f702] Skipping image analysis because the mini_magick gem isn't installed
[ActiveJob] [ActiveStorage::AnalyzeJob] [3ba2b0b9-23ac-4ffa-ac63-bfd65565f702]   [1m[35m (0.1ms)[0m  [1m[36mbegin transaction[0m
[ActiveJob] [ActiveStorage::AnalyzeJob] [3ba2b0b9-23ac-4ffa-ac63-bfd65565f702]   [1m[36mActiveStorage::Blob Update (1.3ms)[0m  [1m[33mUPDATE "active_storage_blobs" SET "metadata" = ? WHERE "active_storage_blobs"."id" = ?[0m  [["metadata", "{\"identified\":true,\"analyzed\":true}"], ["id", 1]]
[ActiveJob] [ActiveStorage::AnalyzeJob] [3ba2b0b9-23ac-4ffa-ac63-bfd65565f702]   [1m[35m (4.6ms)[0m  [1m[36mcommit transaction[0m
[ActiveJob] [ActiveStorage::AnalyzeJob] [3ba2b0b9-23ac-4ffa-ac63-bfd65565f702] Performed ActiveStorage::AnalyzeJob (Job ID: 3ba2b0b9-23ac-4ffa-ac63-bfd65565f702) from Async(active_storage_analysis) in 32.54ms
Started GET "/books/1" for 127.0.0.1 at 2021-12-07 07:44:13 +0000
Processing by BooksController#show as HTML
  Parameters: {"id"=>"1"}
  [1m[36mBook Load (0.2ms)[0m  [1m[34mSELECT "books".* FROM "books" WHERE "books"."id" = ? LIMIT ?[0m  [["id", 1], ["LIMIT", 1]]
  ↳ app/controllers/books_controller.rb:62:in `set_book'
  [1m[36mUser Load (0.1ms)[0m  [1m[34mSELECT "users".* FROM "users" WHERE "users"."id" = ? ORDER BY "users"."id" ASC LIMIT ?[0m  [["id", 1], ["LIMIT", 1]]
  Rendering books/show.html.erb within layouts/application
  [1m[36mActiveStorage::Attachment Load (0.9ms)[0m  [1m[34mSELECT "active_storage_attachments".* FROM "active_storage_attachments" WHERE "active_storage_attachments"."record_id" = ? AND "active_storage_attachments"."record_type" = ? AND "active_storage_attachments"."name" = ? LIMIT ?[0m  [["record_id", 1], ["record_type", "Book"], ["name", "image"], ["LIMIT", 1]]
  ↳ app/views/books/show.html.erb:14
  [1m[36mActiveStorage::Blob Load (0.1ms)[0m  [1m[34mSELECT "active_storage_blobs".* FROM "active_storage_blobs" WHERE "active_storage_blobs"."id" = ? LIMIT ?[0m  [["id", 1], ["LIMIT", 1]]
  ↳ app/views/books/show.html.erb:15
  Rendered books/show.html.erb within layouts/application (Duration: 7.1ms | Allocations: 2587)
[Webpacker] Everything's up-to-date. Nothing to do
Completed 200 OK in 19ms (Views: 12.4ms | ActiveRecord: 1.3ms | Allocations: 8410)


Started GET "/rails/active_storage/blobs/eyJfcmFpbHMiOnsibWVzc2FnZSI6IkJBaHBCZz09IiwiZXhwIjpudWxsLCJwdXIiOiJibG9iX2lkIn19--5c915917c9ac9b3a4820517bc0cfa4451dea9f04/882391.jpg" for 127.0.0.1 at 2021-12-07 07:44:13 +0000
Processing by ActiveStorage::BlobsController#show as JPEG
  Parameters: {"signed_id"=>"eyJfcmFpbHMiOnsibWVzc2FnZSI6IkJBaHBCZz09IiwiZXhwIjpudWxsLCJwdXIiOiJibG9iX2lkIn19--5c915917c9ac9b3a4820517bc0cfa4451dea9f04", "filename"=>"882391"}
  [1m[36mActiveStorage::Blob Load (0.2ms)[0m  [1m[34mSELECT "active_storage_blobs".* FROM "active_storage_blobs" WHERE "active_storage_blobs"."id" = ? LIMIT ?[0m  [["id", 1], ["LIMIT", 1]]
[36m  Disk Storage (2.4ms) [0m[34mGenerated URL for file at key: qx3018h6v44hj276yx14278gwghx (https://localhost-hainh184088-1.paiza-user-free.cloud:3000/rails/active_storage/disk/eyJfcmFpbHMiOnsibWVzc2FnZSI6IkJBaDdDRG9JYTJWNVNTSWhjWGd6TURFNGFEWjJORFJvYWpJM05ubDRNVFF5TnpobmQyZG9lQVk2QmtWVU9oQmthWE53YjNOcGRHbHZia2tpUDJsdWJHbHVaVHNnWm1sc1pXNWhiV1U5SWpnNE1qTTVNUzVxY0djaU95Qm1hV3hsYm1GdFpTbzlWVlJHTFRnbkp6ZzRNak01TVM1cWNHY0dPd1pVT2hGamIyNTBaVzUwWDNSNWNHVkpJZzlwYldGblpTOXFjR1ZuQmpzR1ZBPT0iLCJleHAiOiIyMDIxLTEyLTA3VDA3OjQ5OjEzLjU1MloiLCJwdXIiOiJibG9iX2tleSJ9fQ==--c86ee8f3e05236fe50a631f81807696d49e52487/882391.jpg?content_type=image%2Fjpeg&disposition=inline%3B+filename%3D%22882391.jpg%22%3B+filename%2A%3DUTF-8%27%27882391.jpg)[0m
Redirected to https://localhost-hainh184088-1.paiza-user-free.cloud:3000/rails/active_storage/disk/eyJfcmFpbHMiOnsibWVzc2FnZSI6IkJBaDdDRG9JYTJWNVNTSWhjWGd6TURFNGFEWjJORFJvYWpJM05ubDRNVFF5TnpobmQyZG9lQVk2QmtWVU9oQmthWE53YjNOcGRHbHZia2tpUDJsdWJHbHVaVHNnWm1sc1pXNWhiV1U5SWpnNE1qTTVNUzVxY0djaU95Qm1hV3hsYm1GdFpTbzlWVlJHTFRnbkp6ZzRNak01TVM1cWNHY0dPd1pVT2hGamIyNTBaVzUwWDNSNWNHVkpJZzlwYldGblpTOXFjR1ZuQmpzR1ZBPT0iLCJleHAiOiIyMDIxLTEyLTA3VDA3OjQ5OjEzLjU1MloiLCJwdXIiOiJibG9iX2tleSJ9fQ==--c86ee8f3e05236fe50a631f81807696d49e52487/882391.jpg?content_type=image%2Fjpeg&disposition=inline%3B+filename%3D%22882391.jpg%22%3B+filename%2A%3DUTF-8%27%27882391.jpg
Completed 302 Found in 11ms (ActiveRecord: 0.2ms | Allocations: 2202)


Started GET "/rails/active_storage/disk/eyJfcmFpbHMiOnsibWVzc2FnZSI6IkJBaDdDRG9JYTJWNVNTSWhjWGd6TURFNGFEWjJORFJvYWpJM05ubDRNVFF5TnpobmQyZG9lQVk2QmtWVU9oQmthWE53YjNOcGRHbHZia2tpUDJsdWJHbHVaVHNnWm1sc1pXNWhiV1U5SWpnNE1qTTVNUzVxY0djaU95Qm1hV3hsYm1GdFpTbzlWVlJHTFRnbkp6ZzRNak01TVM1cWNHY0dPd1pVT2hGamIyNTBaVzUwWDNSNWNHVkpJZzlwYldGblpTOXFjR1ZuQmpzR1ZBPT0iLCJleHAiOiIyMDIxLTEyLTA3VDA3OjQ5OjEzLjU1MloiLCJwdXIiOiJibG9iX2tleSJ9fQ==--c86ee8f3e05236fe50a631f81807696d49e52487/882391.jpg?content_type=image%2Fjpeg&disposition=inline%3B+filename%3D%22882391.jpg%22%3B+filename%2A%3DUTF-8%27%27882391.jpg" for 127.0.0.1 at 2021-12-07 07:44:13 +0000
Processing by ActiveStorage::DiskController#show as JPEG
  Parameters: {"content_type"=>"image/jpeg", "disposition"=>"inline; filename=\"882391.jpg\"; filename*=UTF-8''882391.jpg", "encoded_key"=>"eyJfcmFpbHMiOnsibWVzc2FnZSI6IkJBaDdDRG9JYTJWNVNTSWhjWGd6TURFNGFEWjJORFJvYWpJM05ubDRNVFF5TnpobmQyZG9lQVk2QmtWVU9oQmthWE53YjNOcGRHbHZia2tpUDJsdWJHbHVaVHNnWm1sc1pXNWhiV1U5SWpnNE1qTTVNUzVxY0djaU95Qm1hV3hsYm1GdFpTbzlWVlJHTFRnbkp6ZzRNak01TVM1cWNHY0dPd1pVT2hGamIyNTBaVzUwWDNSNWNHVkpJZzlwYldGblpTOXFjR1ZuQmpzR1ZBPT0iLCJleHAiOiIyMDIxLTEyLTA3VDA3OjQ5OjEzLjU1MloiLCJwdXIiOiJibG9iX2tleSJ9fQ==--c86ee8f3e05236fe50a631f81807696d49e52487", "filename"=>"882391"}
Completed 200 OK in 1ms (ActiveRecord: 0.0ms | Allocations: 416)


Started GET "/books" for 127.0.0.1 at 2021-12-07 07:44:19 +0000
Processing by BooksController#index as HTML
  [1m[36mUser Load (0.2ms)[0m  [1m[34mSELECT "users".* FROM "users" WHERE "users"."id" = ? ORDER BY "users"."id" ASC LIMIT ?[0m  [["id", 1], ["LIMIT", 1]]
  Rendering books/index.html.erb within layouts/application
  [1m[36mBook Load (0.2ms)[0m  [1m[34mSELECT "books".* FROM "books"[0m
  ↳ app/views/books/index.html.erb:15
  Rendered books/index.html.erb within layouts/application (Duration: 3.6ms | Allocations: 1035)
[Webpacker] Everything's up-to-date. Nothing to do
Completed 200 OK in 21ms (Views: 13.9ms | ActiveRecord: 0.4ms | Allocations: 6147)


Started GET "/" for 127.0.0.1 at 2021-12-07 07:44:19 +0000
Processing by StaticPagesController#home as HTML
  Rendering static_pages/home.html.erb within layouts/application
  Rendered static_pages/home.html.erb within layouts/application (Duration: 0.9ms | Allocations: 127)
[Webpacker] Everything's up-to-date. Nothing to do
  [1m[36mUser Load (0.1ms)[0m  [1m[34mSELECT "users".* FROM "users" WHERE "users"."id" = ? ORDER BY "users"."id" ASC LIMIT ?[0m  [["id", 1], ["LIMIT", 1]]
  ↳ app/views/layouts/application.html.erb:14
Completed 200 OK in 18ms (Views: 16.4ms | ActiveRecord: 0.1ms | Allocations: 5256)


Started GET "/books/1" for 127.0.0.1 at 2021-12-07 07:44:22 +0000
Processing by BooksController#show as HTML
  Parameters: {"id"=>"1"}
  [1m[36mBook Load (0.2ms)[0m  [1m[34mSELECT "books".* FROM "books" WHERE "books"."id" = ? LIMIT ?[0m  [["id", 1], ["LIMIT", 1]]
  ↳ app/controllers/books_controller.rb:62:in `set_book'
  [1m[36mUser Load (0.2ms)[0m  [1m[34mSELECT "users".* FROM "users" WHERE "users"."id" = ? ORDER BY "users"."id" ASC LIMIT ?[0m  [["id", 1], ["LIMIT", 1]]
  Rendering books/show.html.erb within layouts/application
  [1m[36mActiveStorage::Attachment Load (0.2ms)[0m  [1m[34mSELECT "active_storage_attachments".* FROM "active_storage_attachments" WHERE "active_storage_attachments"."record_id" = ? AND "active_storage_attachments"."record_type" = ? AND "active_storage_attachments"."name" = ? LIMIT ?[0m  [["record_id", 1], ["record_type", "Book"], ["name", "image"], ["LIMIT", 1]]
  ↳ app/views/books/show.html.erb:14
  [1m[36mActiveStorage::Blob Load (0.2ms)[0m  [1m[34mSELECT "active_storage_blobs".* FROM "active_storage_blobs" WHERE "active_storage_blobs"."id" = ? LIMIT ?[0m  [["id", 1], ["LIMIT", 1]]
  ↳ app/views/books/show.html.erb:15
  Rendered books/show.html.erb within layouts/application (Duration: 8.6ms | Allocations: 2068)
[Webpacker] Everything's up-to-date. Nothing to do
Completed 200 OK in 28ms (Views: 19.8ms | ActiveRecord: 0.8ms | Allocations: 7573)


Started GET "/rails/active_storage/disk/eyJfcmFpbHMiOnsibWVzc2FnZSI6IkJBaDdDRG9JYTJWNVNTSWhjWGd6TURFNGFEWjJORFJvYWpJM05ubDRNVFF5TnpobmQyZG9lQVk2QmtWVU9oQmthWE53YjNOcGRHbHZia2tpUDJsdWJHbHVaVHNnWm1sc1pXNWhiV1U5SWpnNE1qTTVNUzVxY0djaU95Qm1hV3hsYm1GdFpTbzlWVlJHTFRnbkp6ZzRNak01TVM1cWNHY0dPd1pVT2hGamIyNTBaVzUwWDNSNWNHVkpJZzlwYldGblpTOXFjR1ZuQmpzR1ZBPT0iLCJleHAiOiIyMDIxLTEyLTA3VDA3OjQ5OjEzLjU1MloiLCJwdXIiOiJibG9iX2tleSJ9fQ==--c86ee8f3e05236fe50a631f81807696d49e52487/882391.jpg?content_type=image%2Fjpeg&disposition=inline%3B+filename%3D%22882391.jpg%22%3B+filename%2A%3DUTF-8%27%27882391.jpg" for 127.0.0.1 at 2021-12-07 07:44:23 +0000
Processing by ActiveStorage::DiskController#show as JPEG
  Parameters: {"content_type"=>"image/jpeg", "disposition"=>"inline; filename=\"882391.jpg\"; filename*=UTF-8''882391.jpg", "encoded_key"=>"eyJfcmFpbHMiOnsibWVzc2FnZSI6IkJBaDdDRG9JYTJWNVNTSWhjWGd6TURFNGFEWjJORFJvYWpJM05ubDRNVFF5TnpobmQyZG9lQVk2QmtWVU9oQmthWE53YjNOcGRHbHZia2tpUDJsdWJHbHVaVHNnWm1sc1pXNWhiV1U5SWpnNE1qTTVNUzVxY0djaU95Qm1hV3hsYm1GdFpTbzlWVlJHTFRnbkp6ZzRNak01TVM1cWNHY0dPd1pVT2hGamIyNTBaVzUwWDNSNWNHVkpJZzlwYldGblpTOXFjR1ZuQmpzR1ZBPT0iLCJleHAiOiIyMDIxLTEyLTA3VDA3OjQ5OjEzLjU1MloiLCJwdXIiOiJibG9iX2tleSJ9fQ==--c86ee8f3e05236fe50a631f81807696d49e52487", "filename"=>"882391"}
Completed 304 Not Modified in 1ms (ActiveRecord: 0.0ms | Allocations: 368)


Started GET "/books" for 127.0.0.1 at 2021-12-07 07:44:31 +0000
Processing by BooksController#index as HTML
  [1m[36mUser Load (0.1ms)[0m  [1m[34mSELECT "users".* FROM "users" WHERE "users"."id" = ? ORDER BY "users"."id" ASC LIMIT ?[0m  [["id", 1], ["LIMIT", 1]]
  Rendering books/index.html.erb within layouts/application
  [1m[36mBook Load (0.1ms)[0m  [1m[34mSELECT "books".* FROM "books"[0m
  ↳ app/views/books/index.html.erb:15
  Rendered books/index.html.erb within layouts/application (Duration: 3.4ms | Allocations: 764)
[Webpacker] Everything's up-to-date. Nothing to do
Completed 200 OK in 19ms (Views: 13.3ms | ActiveRecord: 0.3ms | Allocations: 5740)


Started DELETE "/books/1" for 127.0.0.1 at 2021-12-07 07:44:35 +0000
Processing by BooksController#destroy as HTML
  Parameters: {"authenticity_token"=>"fMTf4foXF68Kaw6021IXzE4dkDE+QjfCXZf18KvmALZrciJJkzK0/VUAopEzdrSudG9//15U4okAT/atz49MPw==", "id"=>"1"}
  [1m[36mBook Load (0.1ms)[0m  [1m[34mSELECT "books".* FROM "books" WHERE "books"."id" = ? LIMIT ?[0m  [["id", 1], ["LIMIT", 1]]
  ↳ app/controllers/books_controller.rb:62:in `set_book'
  [1m[36mUser Load (0.2ms)[0m  [1m[34mSELECT "users".* FROM "users" WHERE "users"."id" = ? ORDER BY "users"."id" ASC LIMIT ?[0m  [["id", 1], ["LIMIT", 1]]
  [1m[35m (0.1ms)[0m  [1m[36mbegin transaction[0m
  ↳ app/controllers/books_controller.rb:52:in `destroy'
  [1m[36mActiveStorage::Attachment Load (0.1ms)[0m  [1m[34mSELECT "active_storage_attachments".* FROM "active_storage_attachments" WHERE "active_storage_attachments"."record_id" = ? AND "active_storage_attachments"."record_type" = ? AND "active_storage_attachments"."name" = ? LIMIT ?[0m  [["record_id", 1], ["record_type", "Book"], ["name", "image"], ["LIMIT", 1]]
  ↳ app/controllers/books_controller.rb:52:in `destroy'
  [1m[36mActiveStorage::Attachment Destroy (0.3ms)[0m  [1m[31mDELETE FROM "active_storage_attachments" WHERE "active_storage_attachments"."id" = ?[0m  [["id", 1]]
  ↳ app/controllers/books_controller.rb:52:in `destroy'
  [1m[36mBook Destroy (0.1ms)[0m  [1m[31mDELETE FROM "books" WHERE "books"."id" = ?[0m  [["id", 1]]
  ↳ app/controllers/books_controller.rb:52:in `destroy'
  [1m[35m (5.4ms)[0m  [1m[36mcommit transaction[0m
  ↳ app/controllers/books_controller.rb:52:in `destroy'
  [1m[36mActiveStorage::Blob Load (0.1ms)[0m  [1m[34mSELECT "active_storage_blobs".* FROM "active_storage_blobs" WHERE "active_storage_blobs"."id" = ? LIMIT ?[0m  [["id", 1], ["LIMIT", 1]]
  ↳ app/controllers/books_controller.rb:52:in `destroy'
[ActiveJob] Enqueued ActiveStorage::PurgeJob (Job ID: e58c8976-d054-439c-92ba-dd08a967e2ba) to Async(active_storage_purge) with arguments: #<GlobalID:0x00007fac54434128 @uri=#<URI::GID gid://thefirstrails/ActiveStorage::Blob/1>>
  [1m[35m (0.1ms)[0m  [1m[34mSELECT sqlite_version(*)[0m
Redirected to https://localhost-hainh184088-1.paiza-user-free.cloud:3000/books
  [1m[36mActiveStorage::Blob Load (0.2ms)[0m  [1m[34mSELECT "active_storage_blobs".* FROM "active_storage_blobs" WHERE "active_storage_blobs"."id" = ? LIMIT ?[0m  [["id", 1], ["LIMIT", 1]]
Completed 302 Found in 46ms (ActiveRecord: 6.5ms | Allocations: 11548)


[ActiveJob] [ActiveStorage::PurgeJob] [e58c8976-d054-439c-92ba-dd08a967e2ba] Performing ActiveStorage::PurgeJob (Job ID: e58c8976-d054-439c-92ba-dd08a967e2ba) from Async(active_storage_purge) enqueued at 2021-12-07T07:44:35Z with arguments: #<GlobalID:0x00007fac543e2bc0 @uri=#<URI::GID gid://thefirstrails/ActiveStorage::Blob/1>>
[ActiveJob] [ActiveStorage::PurgeJob] [e58c8976-d054-439c-92ba-dd08a967e2ba]   [1m[35m (0.1ms)[0m  [1m[36mbegin transaction[0m
[ActiveJob] [ActiveStorage::PurgeJob] [e58c8976-d054-439c-92ba-dd08a967e2ba]   [1m[36mActiveStorage::Attachment Exists? (0.2ms)[0m  [1m[34mSELECT 1 AS one FROM "active_storage_attachments" WHERE "active_storage_attachments"."blob_id" = ? LIMIT ?[0m  [["blob_id", 1], ["LIMIT", 1]]
[ActiveJob] [ActiveStorage::PurgeJob] [e58c8976-d054-439c-92ba-dd08a967e2ba]   [1m[36mActiveStorage::Attachment Load (0.3ms)[0m  [1m[34mSELECT "active_storage_attachments".* FROM "active_storage_attachments" WHERE "active_storage_attachments"."record_id" = ? AND "active_storage_attachments"."record_type" = ? AND "active_storage_attachments"."name" = ? LIMIT ?[0m  [["record_id", 1], ["record_type", "ActiveStorage::Blob"], ["name", "preview_image"], ["LIMIT", 1]]
[ActiveJob] [ActiveStorage::PurgeJob] [e58c8976-d054-439c-92ba-dd08a967e2ba]   [1m[36mActiveStorage::Blob Destroy (0.5ms)[0m  [1m[31mDELETE FROM "active_storage_blobs" WHERE "active_storage_blobs"."id" = ?[0m  [["id", 1]]
[ActiveJob] [ActiveStorage::PurgeJob] [e58c8976-d054-439c-92ba-dd08a967e2ba]   [1m[35m (6.0ms)[0m  [1m[36mcommit transaction[0m
[ActiveJob] [ActiveStorage::PurgeJob] [e58c8976-d054-439c-92ba-dd08a967e2ba] [36m  Disk Storage (0.9ms) [0m[31mDeleted file from key: qx3018h6v44hj276yx14278gwghx[0m
[ActiveJob] [ActiveStorage::PurgeJob] [e58c8976-d054-439c-92ba-dd08a967e2ba] [36m  Disk Storage (0.1ms) [0m[31mDeleted files by key prefix: variants/qx3018h6v44hj276yx14278gwghx/[0m
[ActiveJob] [ActiveStorage::PurgeJob] [e58c8976-d054-439c-92ba-dd08a967e2ba] Performed ActiveStorage::PurgeJob (Job ID: e58c8976-d054-439c-92ba-dd08a967e2ba) from Async(active_storage_purge) in 30.21ms
Started GET "/books" for 127.0.0.1 at 2021-12-07 07:44:35 +0000
Processing by BooksController#index as HTML
  [1m[36mUser Load (0.3ms)[0m  [1m[34mSELECT "users".* FROM "users" WHERE "users"."id" = ? ORDER BY "users"."id" ASC LIMIT ?[0m  [["id", 1], ["LIMIT", 1]]
  Rendering books/index.html.erb within layouts/application
  [1m[36mBook Load (0.2ms)[0m  [1m[34mSELECT "books".* FROM "books"[0m
  ↳ app/views/books/index.html.erb:15
  Rendered books/index.html.erb within layouts/application (Duration: 1.9ms | Allocations: 654)
[Webpacker] Everything's up-to-date. Nothing to do
Completed 200 OK in 14ms (Views: 9.2ms | ActiveRecord: 0.6ms | Allocations: 5676)


Started GET "/" for 127.0.0.1 at 2021-12-07 07:46:22 +0000
Processing by StaticPagesController#home as HTML
  Rendering static_pages/home.html.erb within layouts/application
  Rendered static_pages/home.html.erb within layouts/application (Duration: 0.2ms | Allocations: 34)
[Webpacker] Everything's up-to-date. Nothing to do
  [1m[36mUser Load (0.1ms)[0m  [1m[34mSELECT "users".* FROM "users" WHERE "users"."id" = ? ORDER BY "users"."id" ASC LIMIT ?[0m  [["id", 1], ["LIMIT", 1]]
  ↳ app/views/layouts/application.html.erb:14
Completed 200 OK in 10ms (Views: 8.7ms | ActiveRecord: 0.1ms | Allocations: 4445)


Started GET "/books" for 127.0.0.1 at 2021-12-07 07:46:22 +0000
Processing by BooksController#index as HTML
  [1m[36mUser Load (0.1ms)[0m  [1m[34mSELECT "users".* FROM "users" WHERE "users"."id" = ? ORDER BY "users"."id" ASC LIMIT ?[0m  [["id", 1], ["LIMIT", 1]]
  Rendering books/index.html.erb within layouts/application
  [1m[36mBook Load (0.1ms)[0m  [1m[34mSELECT "books".* FROM "books"[0m
  ↳ app/views/books/index.html.erb:15
  Rendered books/index.html.erb within layouts/application (Duration: 1.2ms | Allocations: 636)
[Webpacker] Everything's up-to-date. Nothing to do
Completed 200 OK in 9ms (Views: 6.0ms | ActiveRecord: 0.2ms | Allocations: 5607)


Started GET "/books" for 127.0.0.1 at 2021-12-07 07:48:30 +0000
  [1m[35m (0.6ms)[0m  [1m[34mSELECT sqlite_version(*)[0m
  [1m[35m (0.2ms)[0m  [1m[34mSELECT "schema_migrations"."version" FROM "schema_migrations" ORDER BY "schema_migrations"."version" ASC[0m
Processing by BooksController#index as HTML
  [1m[36mUser Load (0.2ms)[0m  [1m[34mSELECT "users".* FROM "users" WHERE "users"."id" = ? ORDER BY "users"."id" ASC LIMIT ?[0m  [["id", 1], ["LIMIT", 1]]
  Rendering books/index.html.erb within layouts/application
  [1m[36mBook Load (0.2ms)[0m  [1m[34mSELECT "books".* FROM "books"[0m
  ↳ app/views/books/index.html.erb:15
  Rendered books/index.html.erb within layouts/application (Duration: 3.0ms | Allocations: 1453)
[Webpacker] Everything's up-to-date. Nothing to do
Completed 200 OK in 58ms (Views: 30.0ms | ActiveRecord: 1.4ms | Allocations: 20010)


Started GET "/books/new" for 127.0.0.1 at 2021-12-07 07:48:34 +0000
Processing by BooksController#new as HTML
  [1m[36mUser Load (0.2ms)[0m  [1m[34mSELECT "users".* FROM "users" WHERE "users"."id" = ? ORDER BY "users"."id" ASC LIMIT ?[0m  [["id", 1], ["LIMIT", 1]]
  Rendering books/new.html.erb within layouts/application
  Rendered books/_form.html.erb (Duration: 9.0ms | Allocations: 4035)
  Rendered books/new.html.erb within layouts/application (Duration: 10.0ms | Allocations: 4372)
[Webpacker] Everything's up-to-date. Nothing to do
Completed 200 OK in 24ms (Views: 15.5ms | ActiveRecord: 0.5ms | Allocations: 11999)


Started POST "/books" for 127.0.0.1 at 2021-12-07 07:48:52 +0000
Processing by BooksController#create as HTML
  Parameters: {"authenticity_token"=>"PV9cdJzF5w/pcPrwNf1WQeJnOmtD+p91puBWIj6t0SZDY+xnDEslaoDtKu75AflTZXipovDmPztzdTolf60Www==", "book"=>{"title"=>"Yuru Camp", "number_of_pages"=>"20", "details"=>"キャンプ", "image"=>#<ActionDispatch::Http::UploadedFile:0x00007f74481fb8c8 @tempfile=#<Tempfile:/tmp/RackMultipart20211207-5916-12i87ez.jpg>, @original_filename="882391.jpg", @content_type="image/jpeg", @headers="Content-Disposition: form-data; name=\"book[image]\"; filename=\"882391.jpg\"\r\nContent-Type: image/jpeg\r\n">}, "commit"=>"Create Book"}
  [1m[36mUser Load (0.1ms)[0m  [1m[34mSELECT "users".* FROM "users" WHERE "users"."id" = ? ORDER BY "users"."id" ASC LIMIT ?[0m  [["id", 1], ["LIMIT", 1]]
[31mUnpermitted parameter: :details[0m
  [1m[35m (0.1ms)[0m  [1m[36mbegin transaction[0m
  ↳ app/controllers/books_controller.rb:27:in `block in create'
  [1m[36mBook Create (0.6ms)[0m  [1m[32mINSERT INTO "books" ("title", "number_of_pages", "created_at", "updated_at") VALUES (?, ?, ?, ?)[0m  [["title", "Yuru Camp"], ["number_of_pages", 20], ["created_at", "2021-12-07 07:48:52.986566"], ["updated_at", "2021-12-07 07:48:52.986566"]]
  ↳ app/controllers/books_controller.rb:27:in `block in create'
  [1m[36mActiveStorage::Blob Load (0.2ms)[0m  [1m[34mSELECT "active_storage_blobs".* FROM "active_storage_blobs" INNER JOIN "active_storage_attachments" ON "active_storage_blobs"."id" = "active_storage_attachments"."blob_id" WHERE "active_storage_attachments"."record_id" = ? AND "active_storage_attachments"."record_type" = ? AND "active_storage_attachments"."name" = ? LIMIT ?[0m  [["record_id", 2], ["record_type", "Book"], ["name", "image"], ["LIMIT", 1]]
  ↳ app/controllers/books_controller.rb:27:in `block in create'
  [1m[36mActiveStorage::Attachment Load (0.2ms)[0m  [1m[34mSELECT "active_storage_attachments".* FROM "active_storage_attachments" WHERE "active_storage_attachments"."record_id" = ? AND "active_storage_attachments"."record_type" = ? AND "active_storage_attachments"."name" = ? LIMIT ?[0m  [["record_id", 2], ["record_type", "Book"], ["name", "image"], ["LIMIT", 1]]
  ↳ app/controllers/books_controller.rb:27:in `block in create'
  [1m[36mActiveStorage::Blob Create (0.7ms)[0m  [1m[32mINSERT INTO "active_storage_blobs" ("key", "filename", "content_type", "metadata", "byte_size", "checksum", "created_at") VALUES (?, ?, ?, ?, ?, ?, ?)[0m  [["key", "hhk8s1nzl9dzcusiig6xrvgvij0u"], ["filename", "882391.jpg"], ["content_type", "image/jpeg"], ["metadata", "{\"identified\":true}"], ["byte_size", 2913008], ["checksum", "RvOecISFdFsP+Y2sEVY+Yg=="], ["created_at", "2021-12-07 07:48:53.046896"]]
  ↳ app/controllers/books_controller.rb:27:in `block in create'
  [1m[36mActiveStorage::Attachment Create (0.5ms)[0m  [1m[32mINSERT INTO "active_storage_attachments" ("name", "record_type", "record_id", "blob_id", "created_at") VALUES (?, ?, ?, ?, ?)[0m  [["name", "image"], ["record_type", "Book"], ["record_id", 2], ["blob_id", 2], ["created_at", "2021-12-07 07:48:53.051146"]]
  ↳ app/controllers/books_controller.rb:27:in `block in create'
  [1m[36mBook Update (0.1ms)[0m  [1m[33mUPDATE "books" SET "updated_at" = ? WHERE "books"."id" = ?[0m  [["updated_at", "2021-12-07 07:48:53.055033"], ["id", 2]]
  ↳ app/controllers/books_controller.rb:27:in `block in create'
  [1m[35m (5.9ms)[0m  [1m[36mcommit transaction[0m
  ↳ app/controllers/books_controller.rb:27:in `block in create'
[36m  Disk Storage (10.2ms) [0m[32mUploaded file to key: hhk8s1nzl9dzcusiig6xrvgvij0u (checksum: RvOecISFdFsP+Y2sEVY+Yg==)[0m
[ActiveJob] Enqueued ActiveStorage::AnalyzeJob (Job ID: f1f42cf3-b079-42df-9a13-34d80bbeef8b) to Async(active_storage_analysis) with arguments: #<GlobalID:0x00000000056ff090 @uri=#<URI::GID gid://thefirstrails/ActiveStorage::Blob/2>>
Redirected to https://localhost-hainh184088-1.paiza-user-free.cloud:3000/books/2
Completed 302 Found in 105ms (ActiveRecord: 9.6ms | Allocations: 37894)


  [1m[35m (0.1ms)[0m  [1m[34mSELECT sqlite_version(*)[0m
  [1m[36mActiveStorage::Blob Load (0.2ms)[0m  [1m[34mSELECT "active_storage_blobs".* FROM "active_storage_blobs" WHERE "active_storage_blobs"."id" = ? LIMIT ?[0m  [["id", 2], ["LIMIT", 1]]
[ActiveJob] [ActiveStorage::AnalyzeJob] [f1f42cf3-b079-42df-9a13-34d80bbeef8b] Performing ActiveStorage::AnalyzeJob (Job ID: f1f42cf3-b079-42df-9a13-34d80bbeef8b) from Async(active_storage_analysis) enqueued at 2021-12-07T07:48:53Z with arguments: #<GlobalID:0x00000000056a88f8 @uri=#<URI::GID gid://thefirstrails/ActiveStorage::Blob/2>>
[ActiveJob] [ActiveStorage::AnalyzeJob] [f1f42cf3-b079-42df-9a13-34d80bbeef8b] [36m  Disk Storage (3.9ms) [0m[34mDownloaded file from key: hhk8s1nzl9dzcusiig6xrvgvij0u[0m
[ActiveJob] [ActiveStorage::AnalyzeJob] [f1f42cf3-b079-42df-9a13-34d80bbeef8b] Skipping image analysis because the mini_magick gem isn't installed
[ActiveJob] [ActiveStorage::AnalyzeJob] [f1f42cf3-b079-42df-9a13-34d80bbeef8b]   [1m[35m (0.1ms)[0m  [1m[36mbegin transaction[0m
[ActiveJob] [ActiveStorage::AnalyzeJob] [f1f42cf3-b079-42df-9a13-34d80bbeef8b]   [1m[36mActiveStorage::Blob Update (0.6ms)[0m  [1m[33mUPDATE "active_storage_blobs" SET "metadata" = ? WHERE "active_storage_blobs"."id" = ?[0m  [["metadata", "{\"identified\":true,\"analyzed\":true}"], ["id", 2]]
[ActiveJob] [ActiveStorage::AnalyzeJob] [f1f42cf3-b079-42df-9a13-34d80bbeef8b]   [1m[35m (3.4ms)[0m  [1m[36mcommit transaction[0m
[ActiveJob] [ActiveStorage::AnalyzeJob] [f1f42cf3-b079-42df-9a13-34d80bbeef8b] Performed ActiveStorage::AnalyzeJob (Job ID: f1f42cf3-b079-42df-9a13-34d80bbeef8b) from Async(active_storage_analysis) in 26.48ms
Started GET "/books/2" for 127.0.0.1 at 2021-12-07 07:48:53 +0000
Processing by BooksController#show as HTML
  Parameters: {"id"=>"2"}
  [1m[36mBook Load (0.3ms)[0m  [1m[34mSELECT "books".* FROM "books" WHERE "books"."id" = ? LIMIT ?[0m  [["id", 2], ["LIMIT", 1]]
  ↳ app/controllers/books_controller.rb:62:in `set_book'
  [1m[36mUser Load (0.2ms)[0m  [1m[34mSELECT "users".* FROM "users" WHERE "users"."id" = ? ORDER BY "users"."id" ASC LIMIT ?[0m  [["id", 1], ["LIMIT", 1]]
  Rendering books/show.html.erb within layouts/application
  [1m[36mActiveStorage::Attachment Load (0.2ms)[0m  [1m[34mSELECT "active_storage_attachments".* FROM "active_storage_attachments" WHERE "active_storage_attachments"."record_id" = ? AND "active_storage_attachments"."record_type" = ? AND "active_storage_attachments"."name" = ? LIMIT ?[0m  [["record_id", 2], ["record_type", "Book"], ["name", "image"], ["LIMIT", 1]]
  ↳ app/views/books/show.html.erb:14
  [1m[36mActiveStorage::Blob Load (0.1ms)[0m  [1m[34mSELECT "active_storage_blobs".* FROM "active_storage_blobs" WHERE "active_storage_blobs"."id" = ? LIMIT ?[0m  [["id", 2], ["LIMIT", 1]]
  ↳ app/views/books/show.html.erb:15
  Rendered books/show.html.erb within layouts/application (Duration: 8.8ms | Allocations: 4434)
Completed 500 Internal Server Error in 15ms (ActiveRecord: 0.8ms | Allocations: 7133)


  
ActionView::Template::Error (undefined method `details?' for #<ActiveStorage::Attached::One:0x0000000003f51e98>):
    18: 
    19: <p>
    20:     <strong>Details:</strong>
    21:   <% if @book.image.details? %>
    22:     <%= @book.details %>
    23:   <% end %>
    24: </p>
  
app/views/books/show.html.erb:21
Started GET "/books/2" for 127.0.0.1 at 2021-12-07 07:49:29 +0000
  [1m[35m (0.5ms)[0m  [1m[34mSELECT sqlite_version(*)[0m
  [1m[35m (0.2ms)[0m  [1m[34mSELECT "schema_migrations"."version" FROM "schema_migrations" ORDER BY "schema_migrations"."version" ASC[0m
Processing by BooksController#show as HTML
  Parameters: {"id"=>"2"}
  [1m[36mBook Load (0.2ms)[0m  [1m[34mSELECT "books".* FROM "books" WHERE "books"."id" = ? LIMIT ?[0m  [["id", 2], ["LIMIT", 1]]
  ↳ app/controllers/books_controller.rb:62:in `set_book'
  [1m[36mUser Load (0.2ms)[0m  [1m[34mSELECT "users".* FROM "users" WHERE "users"."id" = ? ORDER BY "users"."id" ASC LIMIT ?[0m  [["id", 1], ["LIMIT", 1]]
  Rendering books/show.html.erb within layouts/application
  [1m[36mActiveStorage::Attachment Load (0.2ms)[0m  [1m[34mSELECT "active_storage_attachments".* FROM "active_storage_attachments" WHERE "active_storage_attachments"."record_id" = ? AND "active_storage_attachments"."record_type" = ? AND "active_storage_attachments"."name" = ? LIMIT ?[0m  [["record_id", 2], ["record_type", "Book"], ["name", "image"], ["LIMIT", 1]]
  ↳ app/views/books/show.html.erb:14
  [1m[36mActiveStorage::Blob Load (0.1ms)[0m  [1m[34mSELECT "active_storage_blobs".* FROM "active_storage_blobs" WHERE "active_storage_blobs"."id" = ? LIMIT ?[0m  [["id", 2], ["LIMIT", 1]]
  ↳ app/views/books/show.html.erb:15
  Rendered books/show.html.erb within layouts/application (Duration: 47.6ms | Allocations: 21342)
Completed 500 Internal Server Error in 78ms (ActiveRecord: 3.0ms | Allocations: 36039)


  
ActionView::Template::Error (undefined method `details?' for #<Book:0x000000000395f698>):
    18: 
    19: <p>
    20:     <strong>Details:</strong>
    21:   <% if @book.details? %>
    22:     <%= @book.details %>
    23:   <% end %>
    24: </p>
  
app/views/books/show.html.erb:21
Started GET "/books/new" for 127.0.0.1 at 2021-12-07 07:52:38 +0000
Processing by BooksController#new as HTML
  [1m[36mUser Load (0.2ms)[0m  [1m[34mSELECT "users".* FROM "users" WHERE "users"."id" = ? ORDER BY "users"."id" ASC LIMIT ?[0m  [["id", 1], ["LIMIT", 1]]
  Rendering books/new.html.erb within layouts/application
  Rendered books/_form.html.erb (Duration: 20.5ms | Allocations: 6398)
  Rendered books/new.html.erb within layouts/application (Duration: 21.6ms | Allocations: 6731)
[Webpacker] Everything's up-to-date. Nothing to do
Completed 200 OK in 38ms (Views: 34.3ms | ActiveRecord: 0.2ms | Allocations: 14942)


Started GET "/" for 127.0.0.1 at 2021-12-07 07:52:41 +0000
Processing by StaticPagesController#home as HTML
  Rendering static_pages/home.html.erb within layouts/application
  Rendered static_pages/home.html.erb within layouts/application (Duration: 0.6ms | Allocations: 128)
[Webpacker] Everything's up-to-date. Nothing to do
  [1m[36mUser Load (0.2ms)[0m  [1m[34mSELECT "users".* FROM "users" WHERE "users"."id" = ? ORDER BY "users"."id" ASC LIMIT ?[0m  [["id", 1], ["LIMIT", 1]]
  ↳ app/views/layouts/application.html.erb:14
Completed 200 OK in 16ms (Views: 14.7ms | ActiveRecord: 0.2ms | Allocations: 5297)


Started GET "/books" for 127.0.0.1 at 2021-12-07 07:52:42 +0000
Processing by BooksController#index as HTML
  [1m[36mUser Load (0.2ms)[0m  [1m[34mSELECT "users".* FROM "users" WHERE "users"."id" = ? ORDER BY "users"."id" ASC LIMIT ?[0m  [["id", 1], ["LIMIT", 1]]
  Rendering books/index.html.erb within layouts/application
  [1m[36mBook Load (0.2ms)[0m  [1m[34mSELECT "books".* FROM "books"[0m
  ↳ app/views/books/index.html.erb:15
  Rendered books/index.html.erb within layouts/application (Duration: 3.2ms | Allocations: 1040)
[Webpacker] Everything's up-to-date. Nothing to do
Completed 200 OK in 16ms (Views: 11.5ms | ActiveRecord: 0.4ms | Allocations: 6190)


Started GET "/books/2" for 127.0.0.1 at 2021-12-07 07:52:45 +0000
Processing by BooksController#show as HTML
  Parameters: {"id"=>"2"}
  [1m[36mBook Load (0.1ms)[0m  [1m[34mSELECT "books".* FROM "books" WHERE "books"."id" = ? LIMIT ?[0m  [["id", 2], ["LIMIT", 1]]
  ↳ app/controllers/books_controller.rb:62:in `set_book'
  [1m[36mUser Load (0.1ms)[0m  [1m[34mSELECT "users".* FROM "users" WHERE "users"."id" = ? ORDER BY "users"."id" ASC LIMIT ?[0m  [["id", 1], ["LIMIT", 1]]
  Rendering books/show.html.erb within layouts/application
  [1m[36mActiveStorage::Attachment Load (0.1ms)[0m  [1m[34mSELECT "active_storage_attachments".* FROM "active_storage_attachments" WHERE "active_storage_attachments"."record_id" = ? AND "active_storage_attachments"."record_type" = ? AND "active_storage_attachments"."name" = ? LIMIT ?[0m  [["record_id", 2], ["record_type", "Book"], ["name", "image"], ["LIMIT", 1]]
  ↳ app/views/books/show.html.erb:14
  [1m[36mActiveStorage::Blob Load (0.1ms)[0m  [1m[34mSELECT "active_storage_blobs".* FROM "active_storage_blobs" WHERE "active_storage_blobs"."id" = ? LIMIT ?[0m  [["id", 2], ["LIMIT", 1]]
  ↳ app/views/books/show.html.erb:15
  Rendered books/show.html.erb within layouts/application (Duration: 8.7ms | Allocations: 4770)
Completed 500 Internal Server Error in 13ms (ActiveRecord: 0.4ms | Allocations: 7156)


  
ActionView::Template::Error (undefined method `details?' for #<Book:0x0000000004bbc958>):
    18: 
    19: <p>
    20:     <strong>Details:</strong>
    21:   <% if @book.details? %>
    22:     <%= @book.details %>
    23:   <% end %>
    24: </p>
  
app/views/books/show.html.erb:21
Started GET "/books/2" for 127.0.0.1 at 2021-12-07 07:54:06 +0000
  [1m[35m (0.7ms)[0m  [1m[34mSELECT sqlite_version(*)[0m
  [1m[35m (0.2ms)[0m  [1m[34mSELECT "schema_migrations"."version" FROM "schema_migrations" ORDER BY "schema_migrations"."version" ASC[0m
Processing by BooksController#show as HTML
  Parameters: {"id"=>"2"}
  [1m[36mBook Load (0.2ms)[0m  [1m[34mSELECT "books".* FROM "books" WHERE "books"."id" = ? LIMIT ?[0m  [["id", 2], ["LIMIT", 1]]
  ↳ app/controllers/books_controller.rb:62:in `set_book'
  [1m[36mUser Load (0.2ms)[0m  [1m[34mSELECT "users".* FROM "users" WHERE "users"."id" = ? ORDER BY "users"."id" ASC LIMIT ?[0m  [["id", 1], ["LIMIT", 1]]
  Rendering books/show.html.erb within layouts/application
  Rendered books/show.html.erb within layouts/application (Duration: 1.6ms | Allocations: 1579)
Completed 500 Internal Server Error in 36ms (ActiveRecord: 1.7ms | Allocations: 16793)


  
ActionView::SyntaxErrorInTemplate (Encountered a syntax error while rendering template: check <p id="notice"><%= notice %></p>

<p>
  <strong>Title:</strong>
  <%= @book.title %>
</p>

<p>
  <strong>Number of pages:</strong>
  <%= @book.number_of_pages %>
</p>

<p>
  <% if @book.image.attached? %>
    <%= image_tag @book.image %>
  <% end %>
</p>

<p>
    <strong>Details:</strong>
    <%= @book.details %>
  <% end %>
</p>

<%= link_to 'Edit', edit_book_path(@book) %> |
<%= link_to 'Back', books_path %>

):
1:    <p id="notice"><%= notice %></p>
2:    
3:    <p>
4:      <strong>Title:</strong>
5:      <%= @book.title %>
6:    </p>
7:    
8:    <p>
9:      <strong>Number of pages:</strong>
10:      <%= @book.number_of_pages %>
11:    </p>
12:    
13:    <p>
14:      <% if @book.image.attached? %>
15:        <%= image_tag @book.image %>
16:      <% end %>
17:    </p>
18:    
19:    <p>
20:        <strong>Details:</strong>
21:        <%= @book.details %>
22:      <% end %>
23:    </p>
24:    
25:    <%= link_to 'Edit', edit_book_path(@book) %> |
26:    <%= link_to 'Back', books_path %>
  
app/views/books/show.html.erb:29: syntax error, unexpected `end', expecting end-of-input
app/views/books/show.html.erb:29: syntax error, unexpected `end', expecting end-of-input
app/views/books/show.html.erb:29: syntax error, unexpected `end', expecting end-of-input
app/views/books/show.html.erb:29: syntax error, unexpected `end', expecting end-of-input
app/views/books/show.html.erb:29: syntax error, unexpected `end', expecting end-of-input
app/views/books/show.html.erb:29: syntax error, unexpected `end', expecting end-of-input
Started GET "/books/2" for 127.0.0.1 at 2021-12-07 07:54:47 +0000
  [1m[35m (0.5ms)[0m  [1m[34mSELECT sqlite_version(*)[0m
  [1m[35m (0.2ms)[0m  [1m[34mSELECT "schema_migrations"."version" FROM "schema_migrations" ORDER BY "schema_migrations"."version" ASC[0m
Processing by BooksController#show as HTML
  Parameters: {"id"=>"2"}
  [1m[36mBook Load (0.1ms)[0m  [1m[34mSELECT "books".* FROM "books" WHERE "books"."id" = ? LIMIT ?[0m  [["id", 2], ["LIMIT", 1]]
  ↳ app/controllers/books_controller.rb:62:in `set_book'
  [1m[36mUser Load (0.2ms)[0m  [1m[34mSELECT "users".* FROM "users" WHERE "users"."id" = ? ORDER BY "users"."id" ASC LIMIT ?[0m  [["id", 1], ["LIMIT", 1]]
  Rendering books/show.html.erb within layouts/application
  [1m[36mActiveStorage::Attachment Load (0.2ms)[0m  [1m[34mSELECT "active_storage_attachments".* FROM "active_storage_attachments" WHERE "active_storage_attachments"."record_id" = ? AND "active_storage_attachments"."record_type" = ? AND "active_storage_attachments"."name" = ? LIMIT ?[0m  [["record_id", 2], ["record_type", "Book"], ["name", "image"], ["LIMIT", 1]]
  ↳ app/views/books/show.html.erb:14
  [1m[36mActiveStorage::Blob Load (0.1ms)[0m  [1m[34mSELECT "active_storage_blobs".* FROM "active_storage_blobs" WHERE "active_storage_blobs"."id" = ? LIMIT ?[0m  [["id", 2], ["LIMIT", 1]]
  ↳ app/views/books/show.html.erb:15
  Rendered books/show.html.erb within layouts/application (Duration: 38.7ms | Allocations: 21287)
Completed 500 Internal Server Error in 75ms (ActiveRecord: 3.0ms | Allocations: 35903)


  
ActionView::Template::Error (undefined method `details' for #<Book:0x00000000049b2680>):
    18: 
    19: <p>
    20:     <strong>Details:</strong>
    21:     <%= @book.details %>
    22: </p>
    23: 
    24: <%= link_to 'Edit', edit_book_path(@book) %> |
  
app/views/books/show.html.erb:21
Started GET "/books/2" for 127.0.0.1 at 2021-12-07 07:56:14 +0000
  [1m[35m (0.1ms)[0m  [1m[34mSELECT sqlite_version(*)[0m
  
SyntaxError (/home/ubuntu/it-nihongo3-rails/app/controllers/books_controller.rb:56: syntax error, unexpected ',', expecting `end'
    end,
       ^
/home/ubuntu/it-nihongo3-rails/app/controllers/books_controller.rb:69: syntax error, unexpected end-of-input, expecting `end'):
  
app/controllers/books_controller.rb:56: syntax error, unexpected ',', expecting `end'
app/controllers/books_controller.rb:69: syntax error, unexpected end-of-input, expecting `end'
app/controllers/books_controller.rb:56: syntax error, unexpected ',', expecting `end'
app/controllers/books_controller.rb:69: syntax error, unexpected end-of-input, expecting `end'
app/controllers/books_controller.rb:56: syntax error, unexpected ',', expecting `end'
app/controllers/books_controller.rb:69: syntax error, unexpected end-of-input, expecting `end'
Started GET "/books/2" for 127.0.0.1 at 2021-12-07 07:56:15 +0000
  
ActionController::RoutingError (uninitialized constant BooksController):
  
actionpack (6.0.4.1) lib/action_dispatch/http/request.rb:92:in `rescue in controller_class_for'
actionpack (6.0.4.1) lib/action_dispatch/http/request.rb:88:in `controller_class_for'
actionpack (6.0.4.1) lib/action_dispatch/http/request.rb:81:in `controller_class'
actionpack (6.0.4.1) lib/action_dispatch/routing/route_set.rb:44:in `controller'
actionpack (6.0.4.1) lib/action_dispatch/routing/route_set.rb:31:in `serve'
actionpack (6.0.4.1) lib/action_dispatch/journey/router.rb:49:in `block in serve'
actionpack (6.0.4.1) lib/action_dispatch/journey/router.rb:32:in `each'
actionpack (6.0.4.1) lib/action_dispatch/journey/router.rb:32:in `serve'
actionpack (6.0.4.1) lib/action_dispatch/routing/route_set.rb:834:in `call'
warden (1.2.9) lib/warden/manager.rb:36:in `block in call'
warden (1.2.9) lib/warden/manager.rb:34:in `catch'
warden (1.2.9) lib/warden/manager.rb:34:in `call'
rack (2.2.3) lib/rack/tempfile_reaper.rb:15:in `call'
rack (2.2.3) lib/rack/etag.rb:27:in `call'
rack (2.2.3) lib/rack/conditional_get.rb:27:in `call'
rack (2.2.3) lib/rack/head.rb:12:in `call'
actionpack (6.0.4.1) lib/action_dispatch/http/content_security_policy.rb:18:in `call'
rack (2.2.3) lib/rack/session/abstract/id.rb:266:in `context'
rack (2.2.3) lib/rack/session/abstract/id.rb:260:in `call'
actionpack (6.0.4.1) lib/action_dispatch/middleware/cookies.rb:654:in `call'
activerecord (6.0.4.1) lib/active_record/migration.rb:567:in `call'
actionpack (6.0.4.1) lib/action_dispatch/middleware/callbacks.rb:27:in `block in call'
activesupport (6.0.4.1) lib/active_support/callbacks.rb:101:in `run_callbacks'
actionpack (6.0.4.1) lib/action_dispatch/middleware/callbacks.rb:26:in `call'
actionpack (6.0.4.1) lib/action_dispatch/middleware/executor.rb:14:in `call'
actionpack (6.0.4.1) lib/action_dispatch/middleware/actionable_exceptions.rb:18:in `call'
actionpack (6.0.4.1) lib/action_dispatch/middleware/debug_exceptions.rb:32:in `call'
web-console (4.2.0) lib/web_console/middleware.rb:132:in `call_app'
web-console (4.2.0) lib/web_console/middleware.rb:28:in `block in call'
web-console (4.2.0) lib/web_console/middleware.rb:17:in `catch'
web-console (4.2.0) lib/web_console/middleware.rb:17:in `call'
actionpack (6.0.4.1) lib/action_dispatch/middleware/show_exceptions.rb:33:in `call'
railties (6.0.4.1) lib/rails/rack/logger.rb:37:in `call_app'
railties (6.0.4.1) lib/rails/rack/logger.rb:26:in `block in call'
activesupport (6.0.4.1) lib/active_support/tagged_logging.rb:80:in `block in tagged'
activesupport (6.0.4.1) lib/active_support/tagged_logging.rb:28:in `tagged'
activesupport (6.0.4.1) lib/active_support/tagged_logging.rb:80:in `tagged'
railties (6.0.4.1) lib/rails/rack/logger.rb:26:in `call'
sprockets-rails (3.4.0) lib/sprockets/rails/quiet_assets.rb:13:in `call'
actionpack (6.0.4.1) lib/action_dispatch/middleware/remote_ip.rb:81:in `call'
actionpack (6.0.4.1) lib/action_dispatch/middleware/request_id.rb:27:in `call'
rack (2.2.3) lib/rack/method_override.rb:24:in `call'
rack (2.2.3) lib/rack/runtime.rb:22:in `call'
activesupport (6.0.4.1) lib/active_support/cache/strategy/local_cache_middleware.rb:29:in `call'
actionpack (6.0.4.1) lib/action_dispatch/middleware/executor.rb:14:in `call'
actionpack (6.0.4.1) lib/action_dispatch/middleware/static.rb:126:in `call'
rack (2.2.3) lib/rack/sendfile.rb:110:in `call'
actionpack (6.0.4.1) lib/action_dispatch/middleware/host_authorization.rb:76:in `call'
webpacker (4.3.0) lib/webpacker/dev_server_proxy.rb:23:in `perform_request'
rack-proxy (0.7.0) lib/rack/proxy.rb:63:in `call'
railties (6.0.4.1) lib/rails/engine.rb:527:in `call'
puma (4.3.10) lib/puma/configuration.rb:228:in `call'
puma (4.3.10) lib/puma/server.rb:718:in `handle_request'
puma (4.3.10) lib/puma/server.rb:472:in `process_client'
puma (4.3.10) lib/puma/server.rb:328:in `block in run'
puma (4.3.10) lib/puma/thread_pool.rb:134:in `block in spawn_thread'
